<?xml version="1.0" encoding="utf-8" standalone="no"?>
<!--This file represents the results of running a test suite-->
<test-results name="C:\trailmax\myCode\csharp\FileDetective\FileTypeDetective.csproj" total="0" errors="0" failures="0" not-run="0" inconclusive="0" ignored="0" skipped="0" invalid="0" date="2012-03-05" time="22:42:56">
  <environment nunit-version="2.5.10.11092" clr-version="2.0.50727.5448" os-version="Microsoft Windows NT 6.1.7601 Service Pack 1" platform="Win32NT" cwd="C:\trailmax\myCode\csharp\FileDetective" machine-name="QEDILTW730" user="mvasilyev" user-domain="QEDI" />
  <culture-info current-culture="en-GB" current-uiculture="en-US" />
  <test-suite type="Project" name="C:\trailmax\myCode\csharp\FileDetective\FileTypeDetective.csproj" executed="True" result="Inconclusive" success="False" time="0.000" asserts="0">
    <results>
      <test-suite type="Assembly" name="C:\trailmax\myCode\csharp\FileDetective\bin\Debug\FileTypeDetective.dll" executed="True" result="Inconclusive" success="False" time="0.000" asserts="0" />
    </results>
  </test-suite>
</test-results>